<?xml version="1.0" encoding="UTF-8"?>
<!-- Generated by org.testng.reporters.JUnitReportReporter -->
<testsuite hostname="hghguuu" name="CardsVerification.PracticeTest" tests="1" failures="0" timestamp="22 May 2016 03:00:55 GMT" time="547.517" errors="0">
  <testcase name="multipleVerification" time="547.517" classname="CardsVerification.PracticeTest"/>
</testsuite> <!-- CardsVerification.PracticeTest -->
