<?xml version="1.0" encoding="UTF-8"?>
<!-- Generated by org.testng.reporters.JUnitReportReporter -->
<testsuite hostname="hghguuu" name="CardsVerification.PracticeTest" tests="1" failures="0" timestamp="21 May 2016 02:41:42 GMT" time="207.737" errors="0">
  <testcase name="multipleVerification" time="207.737" classname="CardsVerification.PracticeTest"/>
</testsuite> <!-- CardsVerification.PracticeTest -->
