<?xml version="1.0" encoding="UTF-8"?>
<!-- Generated by org.testng.reporters.JUnitReportReporter -->
<testsuite hostname="hghguuu" name="CardsVerification.PracticeTest" tests="1" failures="0" timestamp="21 May 2016 04:57:16 GMT" time="211.541" errors="0">
  <testcase name="multipleVerification" time="211.541" classname="CardsVerification.PracticeTest"/>
</testsuite> <!-- CardsVerification.PracticeTest -->
